<?xml version="1.0" encoding="UTF-8"?>
<!-- Generated by org.testng.reporters.JUnitReportReporter -->
<testsuite skipped="0" hostname="LAPTOP-PLBJ6MT3" name="MavenAssignment.MavenProj2.ExtentReportDemo" tests="1" failures="0" timestamp="2020-05-26T21:19:49 IST" time="24.712" errors="0">
  <testcase name="signUp" time="24.712" classname="MavenAssignment.MavenProj2.ExtentReportDemo"/>
  <system-out/>
</testsuite> <!-- MavenAssignment.MavenProj2.ExtentReportDemo -->
